<?xml version="1.0" encoding="UTF-8"?>
<robot generator="Robot 6.1.1 (Python 3.12.3 on linux)" generated="20241112 17:26:10.417" rpa="false" schemaversion="4">
<suite id="s1" name="Register" source="/home/remmi/Documents/GitHub/palautusrepositorio/viikko3/web-login/src/tests/register.robot">
<kw name="Open And Configure Browser" library="resource" type="SETUP">
<if>
<branch type="IF" condition="$BROWSER == 'chrome'">
<kw name="Evaluate" library="BuiltIn">
<var>${options}</var>
<arg>sys.modules['selenium.webdriver'].ChromeOptions()</arg>
<arg>sys</arg>
<doc>Evaluates the given expression in Python and returns the result.</doc>
<msg timestamp="20241112 17:26:10.546" level="INFO">${options} = &lt;selenium.webdriver.chrome.options.Options object at 0x7cb68aae01a0&gt;</msg>
<status status="PASS" starttime="20241112 17:26:10.546" endtime="20241112 17:26:10.546"/>
</kw>
<status status="PASS" starttime="20241112 17:26:10.545" endtime="20241112 17:26:10.546"/>
</branch>
<branch type="ELSE IF" condition="$BROWSER == 'firefox'">
<kw name="Evaluate" library="BuiltIn">
<var>${options}</var>
<arg>sys.modules['selenium.webdriver'].FirefoxOptions()</arg>
<arg>sys</arg>
<doc>Evaluates the given expression in Python and returns the result.</doc>
<status status="NOT RUN" starttime="20241112 17:26:10.546" endtime="20241112 17:26:10.546"/>
</kw>
<status status="NOT RUN" starttime="20241112 17:26:10.546" endtime="20241112 17:26:10.546"/>
</branch>
<status status="PASS" starttime="20241112 17:26:10.545" endtime="20241112 17:26:10.546"/>
</if>
<if>
<branch type="IF" condition="$HEADLESS == 'true'">
<kw name="Set Selenium Speed" library="SeleniumLibrary">
<arg>0</arg>
<doc>Sets the delay that is waited after each Selenium command.</doc>
<status status="NOT RUN" starttime="20241112 17:26:10.546" endtime="20241112 17:26:10.546"/>
</kw>
<kw name="Call Method" library="BuiltIn">
<arg>${options}</arg>
<arg>add_argument</arg>
<arg>--headless</arg>
<doc>Calls the named method of the given object with the provided arguments.</doc>
<status status="NOT RUN" starttime="20241112 17:26:10.546" endtime="20241112 17:26:10.546"/>
</kw>
<status status="NOT RUN" starttime="20241112 17:26:10.546" endtime="20241112 17:26:10.546"/>
</branch>
<branch type="ELSE">
<kw name="Set Selenium Speed" library="SeleniumLibrary">
<arg>${DELAY}</arg>
<doc>Sets the delay that is waited after each Selenium command.</doc>
<status status="PASS" starttime="20241112 17:26:10.546" endtime="20241112 17:26:10.546"/>
</kw>
<status status="PASS" starttime="20241112 17:26:10.546" endtime="20241112 17:26:10.546"/>
</branch>
<status status="PASS" starttime="20241112 17:26:10.546" endtime="20241112 17:26:10.546"/>
</if>
<kw name="Open Browser" library="SeleniumLibrary">
<arg>browser=${BROWSER}</arg>
<arg>options=${options}</arg>
<doc>Opens a new browser instance to the optional ``url``.</doc>
<msg timestamp="20241112 17:26:10.546" level="INFO">Opening browser 'chrome' to base url 'None'.</msg>
<status status="PASS" starttime="20241112 17:26:10.546" endtime="20241112 17:26:11.170"/>
</kw>
<status status="PASS" starttime="20241112 17:26:10.545" endtime="20241112 17:26:11.170"/>
</kw>
<test id="s1-t1" name="Register With Valid Username And Password" line="9">
<kw name="Reset Application Create User And Go To Register Page" type="SETUP">
<kw name="Reset Application" library="AppLibrary">
<status status="PASS" starttime="20241112 17:26:11.171" endtime="20241112 17:26:11.174"/>
</kw>
<kw name="Create User" library="AppLibrary">
<arg>kalle</arg>
<arg>kalle123</arg>
<status status="PASS" starttime="20241112 17:26:11.174" endtime="20241112 17:26:11.177"/>
</kw>
<kw name="Go To Register Page" library="resource">
<kw name="Go To" library="SeleniumLibrary">
<arg>${REGISTER_URL}</arg>
<doc>Navigates the current browser window to the provided ``url``.</doc>
<msg timestamp="20241112 17:26:11.178" level="INFO">Opening url 'http://localhost:5001/register'</msg>
<status status="PASS" starttime="20241112 17:26:11.178" endtime="20241112 17:26:11.726"/>
</kw>
<status status="PASS" starttime="20241112 17:26:11.177" endtime="20241112 17:26:11.727"/>
</kw>
<status status="PASS" starttime="20241112 17:26:11.171" endtime="20241112 17:26:11.727"/>
</kw>
<kw name="Set Username">
<arg>pekka</arg>
<kw name="Input Text" library="SeleniumLibrary">
<arg>username</arg>
<arg>${username}</arg>
<doc>Types the given ``text`` into the text field identified by ``locator``.</doc>
<msg timestamp="20241112 17:26:11.728" level="INFO">Typing text 'pekka' into text field 'username'.</msg>
<status status="PASS" starttime="20241112 17:26:11.727" endtime="20241112 17:26:13.334"/>
</kw>
<status status="PASS" starttime="20241112 17:26:11.727" endtime="20241112 17:26:13.334"/>
</kw>
<kw name="Set Password">
<arg>pekka123</arg>
<kw name="Input Password" library="SeleniumLibrary">
<arg>password</arg>
<arg>${password}</arg>
<doc>Types the given password into the text field identified by ``locator``.</doc>
<msg timestamp="20241112 17:26:13.335" level="INFO">Typing password into text field 'password'.</msg>
<msg timestamp="20241112 17:26:14.370" level="INFO">Temporally setting log level to: NONE</msg>
<msg timestamp="20241112 17:26:14.914" level="INFO">Log level changed from NONE to INFO.</msg>
<status status="PASS" starttime="20241112 17:26:13.335" endtime="20241112 17:26:14.914"/>
</kw>
<status status="PASS" starttime="20241112 17:26:13.334" endtime="20241112 17:26:14.914"/>
</kw>
<kw name="Set Password Confirmation">
<arg>pekka123</arg>
<kw name="Input Password" library="SeleniumLibrary">
<arg>password_confirmation</arg>
<arg>${password_confirmation}</arg>
<doc>Types the given password into the text field identified by ``locator``.</doc>
<msg timestamp="20241112 17:26:14.915" level="INFO">Typing password into text field 'password_confirmation'.</msg>
<msg timestamp="20241112 17:26:15.953" level="INFO">Temporally setting log level to: NONE</msg>
<msg timestamp="20241112 17:26:16.493" level="INFO">Log level changed from NONE to INFO.</msg>
<status status="PASS" starttime="20241112 17:26:14.914" endtime="20241112 17:26:16.493"/>
</kw>
<status status="PASS" starttime="20241112 17:26:14.914" endtime="20241112 17:26:16.493"/>
</kw>
<kw name="Submit Credentials">
<kw name="Click Button" library="SeleniumLibrary">
<arg>Register</arg>
<doc>Clicks the button identified by ``locator``.</doc>
<msg timestamp="20241112 17:26:16.494" level="INFO">Clicking button 'Register'.</msg>
<status status="PASS" starttime="20241112 17:26:16.494" endtime="20241112 17:26:18.566"/>
</kw>
<status status="PASS" starttime="20241112 17:26:16.493" endtime="20241112 17:26:18.566"/>
</kw>
<kw name="Welcome Page Should Be Open" library="resource">
<kw name="Title Should Be" library="SeleniumLibrary">
<arg>Welcome to Ohtu Application!</arg>
<doc>Verifies that the current page title equals ``title``.</doc>
<msg timestamp="20241112 17:26:19.071" level="INFO">Page title is 'Welcome to Ohtu Application!'.</msg>
<status status="PASS" starttime="20241112 17:26:18.566" endtime="20241112 17:26:19.072"/>
</kw>
<status status="PASS" starttime="20241112 17:26:18.566" endtime="20241112 17:26:19.072"/>
</kw>
<status status="PASS" starttime="20241112 17:26:11.170" endtime="20241112 17:26:19.072"/>
</test>
<test id="s1-t2" name="Register With Too Short Username And Valid Password" line="16">
<kw name="Reset Application Create User And Go To Register Page" type="SETUP">
<kw name="Reset Application" library="AppLibrary">
<status status="PASS" starttime="20241112 17:26:19.073" endtime="20241112 17:26:19.075"/>
</kw>
<kw name="Create User" library="AppLibrary">
<arg>kalle</arg>
<arg>kalle123</arg>
<status status="PASS" starttime="20241112 17:26:19.075" endtime="20241112 17:26:19.080"/>
</kw>
<kw name="Go To Register Page" library="resource">
<kw name="Go To" library="SeleniumLibrary">
<arg>${REGISTER_URL}</arg>
<doc>Navigates the current browser window to the provided ``url``.</doc>
<msg timestamp="20241112 17:26:19.081" level="INFO">Opening url 'http://localhost:5001/register'</msg>
<status status="PASS" starttime="20241112 17:26:19.081" endtime="20241112 17:26:19.599"/>
</kw>
<status status="PASS" starttime="20241112 17:26:19.081" endtime="20241112 17:26:19.599"/>
</kw>
<status status="PASS" starttime="20241112 17:26:19.073" endtime="20241112 17:26:19.599"/>
</kw>
<kw name="Set Username">
<arg>a</arg>
<kw name="Input Text" library="SeleniumLibrary">
<arg>username</arg>
<arg>${username}</arg>
<doc>Types the given ``text`` into the text field identified by ``locator``.</doc>
<msg timestamp="20241112 17:26:19.600" level="INFO">Typing text 'a' into text field 'username'.</msg>
<status status="PASS" starttime="20241112 17:26:19.600" endtime="20241112 17:26:21.174"/>
</kw>
<status status="PASS" starttime="20241112 17:26:19.600" endtime="20241112 17:26:21.174"/>
</kw>
<kw name="Set Password">
<arg>aaaa1111</arg>
<kw name="Input Password" library="SeleniumLibrary">
<arg>password</arg>
<arg>${password}</arg>
<doc>Types the given password into the text field identified by ``locator``.</doc>
<msg timestamp="20241112 17:26:21.175" level="INFO">Typing password into text field 'password'.</msg>
<msg timestamp="20241112 17:26:22.210" level="INFO">Temporally setting log level to: NONE</msg>
<msg timestamp="20241112 17:26:22.752" level="INFO">Log level changed from NONE to INFO.</msg>
<status status="PASS" starttime="20241112 17:26:21.175" endtime="20241112 17:26:22.752"/>
</kw>
<status status="PASS" starttime="20241112 17:26:21.174" endtime="20241112 17:26:22.752"/>
</kw>
<kw name="Set Password Confirmation">
<arg>aaaa1111</arg>
<kw name="Input Password" library="SeleniumLibrary">
<arg>password_confirmation</arg>
<arg>${password_confirmation}</arg>
<doc>Types the given password into the text field identified by ``locator``.</doc>
<msg timestamp="20241112 17:26:22.753" level="INFO">Typing password into text field 'password_confirmation'.</msg>
<msg timestamp="20241112 17:26:23.789" level="INFO">Temporally setting log level to: NONE</msg>
<msg timestamp="20241112 17:26:24.330" level="INFO">Log level changed from NONE to INFO.</msg>
<status status="PASS" starttime="20241112 17:26:22.753" endtime="20241112 17:26:24.331"/>
</kw>
<status status="PASS" starttime="20241112 17:26:22.753" endtime="20241112 17:26:24.331"/>
</kw>
<kw name="Submit Credentials">
<kw name="Click Button" library="SeleniumLibrary">
<arg>Register</arg>
<doc>Clicks the button identified by ``locator``.</doc>
<msg timestamp="20241112 17:26:24.332" level="INFO">Clicking button 'Register'.</msg>
<status status="PASS" starttime="20241112 17:26:24.331" endtime="20241112 17:26:26.392"/>
</kw>
<status status="PASS" starttime="20241112 17:26:24.331" endtime="20241112 17:26:26.392"/>
</kw>
<kw name="Register Should Fail With Message">
<arg>Username is too short</arg>
<kw name="Register Page Should Be Open" library="resource">
<kw name="Title Should Be" library="SeleniumLibrary">
<arg>Register</arg>
<doc>Verifies that the current page title equals ``title``.</doc>
<msg timestamp="20241112 17:26:26.898" level="INFO">Page title is 'Register'.</msg>
<status status="PASS" starttime="20241112 17:26:26.393" endtime="20241112 17:26:26.898"/>
</kw>
<status status="PASS" starttime="20241112 17:26:26.392" endtime="20241112 17:26:26.898"/>
</kw>
<kw name="Page Should Contain" library="SeleniumLibrary">
<arg>${message}</arg>
<doc>Verifies that current page contains ``text``.</doc>
<msg timestamp="20241112 17:26:27.915" level="INFO">Current page contains text 'Username is too short'.</msg>
<status status="PASS" starttime="20241112 17:26:26.898" endtime="20241112 17:26:27.915"/>
</kw>
<status status="PASS" starttime="20241112 17:26:26.392" endtime="20241112 17:26:27.915"/>
</kw>
<status status="PASS" starttime="20241112 17:26:19.072" endtime="20241112 17:26:27.916"/>
</test>
<test id="s1-t3" name="Register With Valid Username And Too Short Password" line="23">
<kw name="Reset Application Create User And Go To Register Page" type="SETUP">
<kw name="Reset Application" library="AppLibrary">
<status status="PASS" starttime="20241112 17:26:27.917" endtime="20241112 17:26:27.920"/>
</kw>
<kw name="Create User" library="AppLibrary">
<arg>kalle</arg>
<arg>kalle123</arg>
<status status="PASS" starttime="20241112 17:26:27.920" endtime="20241112 17:26:27.924"/>
</kw>
<kw name="Go To Register Page" library="resource">
<kw name="Go To" library="SeleniumLibrary">
<arg>${REGISTER_URL}</arg>
<doc>Navigates the current browser window to the provided ``url``.</doc>
<msg timestamp="20241112 17:26:27.925" level="INFO">Opening url 'http://localhost:5001/register'</msg>
<status status="PASS" starttime="20241112 17:26:27.925" endtime="20241112 17:26:28.443"/>
</kw>
<status status="PASS" starttime="20241112 17:26:27.924" endtime="20241112 17:26:28.443"/>
</kw>
<status status="PASS" starttime="20241112 17:26:27.917" endtime="20241112 17:26:28.443"/>
</kw>
<kw name="Set Username">
<arg>pekka</arg>
<kw name="Input Text" library="SeleniumLibrary">
<arg>username</arg>
<arg>${username}</arg>
<doc>Types the given ``text`` into the text field identified by ``locator``.</doc>
<msg timestamp="20241112 17:26:28.444" level="INFO">Typing text 'pekka' into text field 'username'.</msg>
<status status="PASS" starttime="20241112 17:26:28.443" endtime="20241112 17:26:30.019"/>
</kw>
<status status="PASS" starttime="20241112 17:26:28.443" endtime="20241112 17:26:30.019"/>
</kw>
<kw name="Set Password">
<arg>pek123</arg>
<kw name="Input Password" library="SeleniumLibrary">
<arg>password</arg>
<arg>${password}</arg>
<doc>Types the given password into the text field identified by ``locator``.</doc>
<msg timestamp="20241112 17:26:30.020" level="INFO">Typing password into text field 'password'.</msg>
<msg timestamp="20241112 17:26:31.054" level="INFO">Temporally setting log level to: NONE</msg>
<msg timestamp="20241112 17:26:31.593" level="INFO">Log level changed from NONE to INFO.</msg>
<status status="PASS" starttime="20241112 17:26:30.019" endtime="20241112 17:26:31.593"/>
</kw>
<status status="PASS" starttime="20241112 17:26:30.019" endtime="20241112 17:26:31.593"/>
</kw>
<kw name="Set Password Confirmation">
<arg>pek123</arg>
<kw name="Input Password" library="SeleniumLibrary">
<arg>password_confirmation</arg>
<arg>${password_confirmation}</arg>
<doc>Types the given password into the text field identified by ``locator``.</doc>
<msg timestamp="20241112 17:26:31.594" level="INFO">Typing password into text field 'password_confirmation'.</msg>
<msg timestamp="20241112 17:26:32.628" level="INFO">Temporally setting log level to: NONE</msg>
<msg timestamp="20241112 17:26:33.162" level="INFO">Log level changed from NONE to INFO.</msg>
<status status="PASS" starttime="20241112 17:26:31.593" endtime="20241112 17:26:33.162"/>
</kw>
<status status="PASS" starttime="20241112 17:26:31.593" endtime="20241112 17:26:33.162"/>
</kw>
<kw name="Submit Credentials">
<kw name="Click Button" library="SeleniumLibrary">
<arg>Register</arg>
<doc>Clicks the button identified by ``locator``.</doc>
<msg timestamp="20241112 17:26:33.163" level="INFO">Clicking button 'Register'.</msg>
<status status="PASS" starttime="20241112 17:26:33.162" endtime="20241112 17:26:35.224"/>
</kw>
<status status="PASS" starttime="20241112 17:26:33.162" endtime="20241112 17:26:35.224"/>
</kw>
<kw name="Register Should Fail With Message">
<arg>Password must be longer than 8 symbols</arg>
<kw name="Register Page Should Be Open" library="resource">
<kw name="Title Should Be" library="SeleniumLibrary">
<arg>Register</arg>
<doc>Verifies that the current page title equals ``title``.</doc>
<msg timestamp="20241112 17:26:35.730" level="INFO">Page title is 'Register'.</msg>
<status status="PASS" starttime="20241112 17:26:35.225" endtime="20241112 17:26:35.730"/>
</kw>
<status status="PASS" starttime="20241112 17:26:35.225" endtime="20241112 17:26:35.730"/>
</kw>
<kw name="Page Should Contain" library="SeleniumLibrary">
<arg>${message}</arg>
<doc>Verifies that current page contains ``text``.</doc>
<msg timestamp="20241112 17:26:36.746" level="INFO">Current page contains text 'Password must be longer than 8 symbols'.</msg>
<status status="PASS" starttime="20241112 17:26:35.730" endtime="20241112 17:26:36.746"/>
</kw>
<status status="PASS" starttime="20241112 17:26:35.225" endtime="20241112 17:26:36.747"/>
</kw>
<status status="PASS" starttime="20241112 17:26:27.916" endtime="20241112 17:26:36.747"/>
</test>
<test id="s1-t4" name="Register With Valid Username And Invalid Password" line="30">
<kw name="Reset Application Create User And Go To Register Page" type="SETUP">
<kw name="Reset Application" library="AppLibrary">
<status status="PASS" starttime="20241112 17:26:36.748" endtime="20241112 17:26:36.750"/>
</kw>
<kw name="Create User" library="AppLibrary">
<arg>kalle</arg>
<arg>kalle123</arg>
<status status="PASS" starttime="20241112 17:26:36.750" endtime="20241112 17:26:36.755"/>
</kw>
<kw name="Go To Register Page" library="resource">
<kw name="Go To" library="SeleniumLibrary">
<arg>${REGISTER_URL}</arg>
<doc>Navigates the current browser window to the provided ``url``.</doc>
<msg timestamp="20241112 17:26:36.756" level="INFO">Opening url 'http://localhost:5001/register'</msg>
<status status="PASS" starttime="20241112 17:26:36.756" endtime="20241112 17:26:37.272"/>
</kw>
<status status="PASS" starttime="20241112 17:26:36.755" endtime="20241112 17:26:37.272"/>
</kw>
<status status="PASS" starttime="20241112 17:26:36.748" endtime="20241112 17:26:37.272"/>
</kw>
<kw name="Set Username">
<arg>pekka</arg>
<kw name="Input Text" library="SeleniumLibrary">
<arg>username</arg>
<arg>${username}</arg>
<doc>Types the given ``text`` into the text field identified by ``locator``.</doc>
<msg timestamp="20241112 17:26:37.273" level="INFO">Typing text 'pekka' into text field 'username'.</msg>
<status status="PASS" starttime="20241112 17:26:37.273" endtime="20241112 17:26:38.840"/>
</kw>
<status status="PASS" starttime="20241112 17:26:37.272" endtime="20241112 17:26:38.841"/>
</kw>
<kw name="Set Password">
<arg>pekkasama</arg>
<kw name="Input Password" library="SeleniumLibrary">
<arg>password</arg>
<arg>${password}</arg>
<doc>Types the given password into the text field identified by ``locator``.</doc>
<msg timestamp="20241112 17:26:38.841" level="INFO">Typing password into text field 'password'.</msg>
<msg timestamp="20241112 17:26:39.875" level="INFO">Temporally setting log level to: NONE</msg>
<msg timestamp="20241112 17:26:40.416" level="INFO">Log level changed from NONE to INFO.</msg>
<status status="PASS" starttime="20241112 17:26:38.841" endtime="20241112 17:26:40.416"/>
</kw>
<status status="PASS" starttime="20241112 17:26:38.841" endtime="20241112 17:26:40.416"/>
</kw>
<kw name="Set Password Confirmation">
<arg>pekkasama</arg>
<kw name="Input Password" library="SeleniumLibrary">
<arg>password_confirmation</arg>
<arg>${password_confirmation}</arg>
<doc>Types the given password into the text field identified by ``locator``.</doc>
<msg timestamp="20241112 17:26:40.417" level="INFO">Typing password into text field 'password_confirmation'.</msg>
<msg timestamp="20241112 17:26:41.450" level="INFO">Temporally setting log level to: NONE</msg>
<msg timestamp="20241112 17:26:41.989" level="INFO">Log level changed from NONE to INFO.</msg>
<status status="PASS" starttime="20241112 17:26:40.417" endtime="20241112 17:26:41.989"/>
</kw>
<status status="PASS" starttime="20241112 17:26:40.416" endtime="20241112 17:26:41.989"/>
</kw>
<kw name="Submit Credentials">
<kw name="Click Button" library="SeleniumLibrary">
<arg>Register</arg>
<doc>Clicks the button identified by ``locator``.</doc>
<msg timestamp="20241112 17:26:41.990" level="INFO">Clicking button 'Register'.</msg>
<status status="PASS" starttime="20241112 17:26:41.989" endtime="20241112 17:26:44.056"/>
</kw>
<status status="PASS" starttime="20241112 17:26:41.989" endtime="20241112 17:26:44.056"/>
</kw>
<kw name="Register Should Fail With Message">
<arg>Password must contain at least one numerical or special symbol</arg>
<kw name="Register Page Should Be Open" library="resource">
<kw name="Title Should Be" library="SeleniumLibrary">
<arg>Register</arg>
<doc>Verifies that the current page title equals ``title``.</doc>
<msg timestamp="20241112 17:26:44.561" level="INFO">Page title is 'Register'.</msg>
<status status="PASS" starttime="20241112 17:26:44.056" endtime="20241112 17:26:44.561"/>
</kw>
<status status="PASS" starttime="20241112 17:26:44.056" endtime="20241112 17:26:44.561"/>
</kw>
<kw name="Page Should Contain" library="SeleniumLibrary">
<arg>${message}</arg>
<doc>Verifies that current page contains ``text``.</doc>
<msg timestamp="20241112 17:26:45.578" level="INFO">Current page contains text 'Password must contain at least one numerical or special symbol'.</msg>
<status status="PASS" starttime="20241112 17:26:44.561" endtime="20241112 17:26:45.578"/>
</kw>
<status status="PASS" starttime="20241112 17:26:44.056" endtime="20241112 17:26:45.578"/>
</kw>
<status status="PASS" starttime="20241112 17:26:36.747" endtime="20241112 17:26:45.578"/>
</test>
<test id="s1-t5" name="Register With Nonmatching Password And Password Confirmation" line="37">
<kw name="Reset Application Create User And Go To Register Page" type="SETUP">
<kw name="Reset Application" library="AppLibrary">
<status status="PASS" starttime="20241112 17:26:45.579" endtime="20241112 17:26:45.582"/>
</kw>
<kw name="Create User" library="AppLibrary">
<arg>kalle</arg>
<arg>kalle123</arg>
<status status="PASS" starttime="20241112 17:26:45.582" endtime="20241112 17:26:45.587"/>
</kw>
<kw name="Go To Register Page" library="resource">
<kw name="Go To" library="SeleniumLibrary">
<arg>${REGISTER_URL}</arg>
<doc>Navigates the current browser window to the provided ``url``.</doc>
<msg timestamp="20241112 17:26:45.588" level="INFO">Opening url 'http://localhost:5001/register'</msg>
<status status="PASS" starttime="20241112 17:26:45.588" endtime="20241112 17:26:46.105"/>
</kw>
<status status="PASS" starttime="20241112 17:26:45.587" endtime="20241112 17:26:46.105"/>
</kw>
<status status="PASS" starttime="20241112 17:26:45.579" endtime="20241112 17:26:46.105"/>
</kw>
<kw name="Set Username">
<arg>pekka</arg>
<kw name="Input Text" library="SeleniumLibrary">
<arg>username</arg>
<arg>${username}</arg>
<doc>Types the given ``text`` into the text field identified by ``locator``.</doc>
<msg timestamp="20241112 17:26:46.106" level="INFO">Typing text 'pekka' into text field 'username'.</msg>
<status status="PASS" starttime="20241112 17:26:46.106" endtime="20241112 17:26:47.681"/>
</kw>
<status status="PASS" starttime="20241112 17:26:46.105" endtime="20241112 17:26:47.681"/>
</kw>
<kw name="Set Password">
<arg>pekka123</arg>
<kw name="Input Password" library="SeleniumLibrary">
<arg>password</arg>
<arg>${password}</arg>
<doc>Types the given password into the text field identified by ``locator``.</doc>
<msg timestamp="20241112 17:26:47.682" level="INFO">Typing password into text field 'password'.</msg>
<msg timestamp="20241112 17:26:48.715" level="INFO">Temporally setting log level to: NONE</msg>
<msg timestamp="20241112 17:26:49.258" level="INFO">Log level changed from NONE to INFO.</msg>
<status status="PASS" starttime="20241112 17:26:47.681" endtime="20241112 17:26:49.258"/>
</kw>
<status status="PASS" starttime="20241112 17:26:47.681" endtime="20241112 17:26:49.258"/>
</kw>
<kw name="Set Password Confirmation">
<arg>pekka321</arg>
<kw name="Input Password" library="SeleniumLibrary">
<arg>password_confirmation</arg>
<arg>${password_confirmation}</arg>
<doc>Types the given password into the text field identified by ``locator``.</doc>
<msg timestamp="20241112 17:26:49.259" level="INFO">Typing password into text field 'password_confirmation'.</msg>
<msg timestamp="20241112 17:26:50.291" level="INFO">Temporally setting log level to: NONE</msg>
<msg timestamp="20241112 17:26:50.834" level="INFO">Log level changed from NONE to INFO.</msg>
<status status="PASS" starttime="20241112 17:26:49.258" endtime="20241112 17:26:50.834"/>
</kw>
<status status="PASS" starttime="20241112 17:26:49.258" endtime="20241112 17:26:50.834"/>
</kw>
<kw name="Submit Credentials">
<kw name="Click Button" library="SeleniumLibrary">
<arg>Register</arg>
<doc>Clicks the button identified by ``locator``.</doc>
<msg timestamp="20241112 17:26:50.835" level="INFO">Clicking button 'Register'.</msg>
<status status="PASS" starttime="20241112 17:26:50.835" endtime="20241112 17:26:52.895"/>
</kw>
<status status="PASS" starttime="20241112 17:26:50.835" endtime="20241112 17:26:52.895"/>
</kw>
<kw name="Register Should Fail With Message">
<arg>Password and Password Confirmation don't match!</arg>
<kw name="Register Page Should Be Open" library="resource">
<kw name="Title Should Be" library="SeleniumLibrary">
<arg>Register</arg>
<doc>Verifies that the current page title equals ``title``.</doc>
<msg timestamp="20241112 17:26:53.400" level="INFO">Page title is 'Register'.</msg>
<status status="PASS" starttime="20241112 17:26:52.896" endtime="20241112 17:26:53.400"/>
</kw>
<status status="PASS" starttime="20241112 17:26:52.895" endtime="20241112 17:26:53.400"/>
</kw>
<kw name="Page Should Contain" library="SeleniumLibrary">
<arg>${message}</arg>
<doc>Verifies that current page contains ``text``.</doc>
<msg timestamp="20241112 17:26:54.417" level="INFO">Current page contains text 'Password and Password Confirmation don't match!'.</msg>
<status status="PASS" starttime="20241112 17:26:53.400" endtime="20241112 17:26:54.417"/>
</kw>
<status status="PASS" starttime="20241112 17:26:52.895" endtime="20241112 17:26:54.417"/>
</kw>
<status status="PASS" starttime="20241112 17:26:45.579" endtime="20241112 17:26:54.417"/>
</test>
<test id="s1-t6" name="Register With Username That Is Already In Use" line="44">
<kw name="Reset Application Create User And Go To Register Page" type="SETUP">
<kw name="Reset Application" library="AppLibrary">
<status status="PASS" starttime="20241112 17:26:54.418" endtime="20241112 17:26:54.421"/>
</kw>
<kw name="Create User" library="AppLibrary">
<arg>kalle</arg>
<arg>kalle123</arg>
<status status="PASS" starttime="20241112 17:26:54.421" endtime="20241112 17:26:54.425"/>
</kw>
<kw name="Go To Register Page" library="resource">
<kw name="Go To" library="SeleniumLibrary">
<arg>${REGISTER_URL}</arg>
<doc>Navigates the current browser window to the provided ``url``.</doc>
<msg timestamp="20241112 17:26:54.425" level="INFO">Opening url 'http://localhost:5001/register'</msg>
<status status="PASS" starttime="20241112 17:26:54.425" endtime="20241112 17:26:54.940"/>
</kw>
<status status="PASS" starttime="20241112 17:26:54.425" endtime="20241112 17:26:54.940"/>
</kw>
<status status="PASS" starttime="20241112 17:26:54.418" endtime="20241112 17:26:54.940"/>
</kw>
<kw name="Set Username">
<arg>kalle</arg>
<kw name="Input Text" library="SeleniumLibrary">
<arg>username</arg>
<arg>${username}</arg>
<doc>Types the given ``text`` into the text field identified by ``locator``.</doc>
<msg timestamp="20241112 17:26:54.941" level="INFO">Typing text 'kalle' into text field 'username'.</msg>
<status status="PASS" starttime="20241112 17:26:54.941" endtime="20241112 17:26:56.514"/>
</kw>
<status status="PASS" starttime="20241112 17:26:54.941" endtime="20241112 17:26:56.514"/>
</kw>
<kw name="Set Password">
<arg>pekka123</arg>
<kw name="Input Password" library="SeleniumLibrary">
<arg>password</arg>
<arg>${password}</arg>
<doc>Types the given password into the text field identified by ``locator``.</doc>
<msg timestamp="20241112 17:26:56.515" level="INFO">Typing password into text field 'password'.</msg>
<msg timestamp="20241112 17:26:57.549" level="INFO">Temporally setting log level to: NONE</msg>
<msg timestamp="20241112 17:26:58.091" level="INFO">Log level changed from NONE to INFO.</msg>
<status status="PASS" starttime="20241112 17:26:56.514" endtime="20241112 17:26:58.091"/>
</kw>
<status status="PASS" starttime="20241112 17:26:56.514" endtime="20241112 17:26:58.091"/>
</kw>
<kw name="Set Password Confirmation">
<arg>pekka123</arg>
<kw name="Input Password" library="SeleniumLibrary">
<arg>password_confirmation</arg>
<arg>${password_confirmation}</arg>
<doc>Types the given password into the text field identified by ``locator``.</doc>
<msg timestamp="20241112 17:26:58.092" level="INFO">Typing password into text field 'password_confirmation'.</msg>
<msg timestamp="20241112 17:26:59.128" level="INFO">Temporally setting log level to: NONE</msg>
<msg timestamp="20241112 17:26:59.669" level="INFO">Log level changed from NONE to INFO.</msg>
<status status="PASS" starttime="20241112 17:26:58.092" endtime="20241112 17:26:59.669"/>
</kw>
<status status="PASS" starttime="20241112 17:26:58.091" endtime="20241112 17:26:59.669"/>
</kw>
<kw name="Submit Credentials">
<kw name="Click Button" library="SeleniumLibrary">
<arg>Register</arg>
<doc>Clicks the button identified by ``locator``.</doc>
<msg timestamp="20241112 17:26:59.670" level="INFO">Clicking button 'Register'.</msg>
<status status="PASS" starttime="20241112 17:26:59.670" endtime="20241112 17:27:01.727"/>
</kw>
<status status="PASS" starttime="20241112 17:26:59.670" endtime="20241112 17:27:01.727"/>
</kw>
<kw name="Register Should Fail With Message">
<arg>Username already in use</arg>
<kw name="Register Page Should Be Open" library="resource">
<kw name="Title Should Be" library="SeleniumLibrary">
<arg>Register</arg>
<doc>Verifies that the current page title equals ``title``.</doc>
<msg timestamp="20241112 17:27:02.231" level="INFO">Page title is 'Register'.</msg>
<status status="PASS" starttime="20241112 17:27:01.727" endtime="20241112 17:27:02.231"/>
</kw>
<status status="PASS" starttime="20241112 17:27:01.727" endtime="20241112 17:27:02.231"/>
</kw>
<kw name="Page Should Contain" library="SeleniumLibrary">
<arg>${message}</arg>
<doc>Verifies that current page contains ``text``.</doc>
<msg timestamp="20241112 17:27:03.248" level="INFO">Current page contains text 'Username already in use'.</msg>
<status status="PASS" starttime="20241112 17:27:02.232" endtime="20241112 17:27:03.248"/>
</kw>
<status status="PASS" starttime="20241112 17:27:01.727" endtime="20241112 17:27:03.248"/>
</kw>
<status status="PASS" starttime="20241112 17:26:54.417" endtime="20241112 17:27:03.248"/>
</test>
<test id="s1-t7" name="Login After Successful Registration" line="51">
<kw name="Reset Application Create User And Go To Register Page" type="SETUP">
<kw name="Reset Application" library="AppLibrary">
<status status="PASS" starttime="20241112 17:27:03.249" endtime="20241112 17:27:03.253"/>
</kw>
<kw name="Create User" library="AppLibrary">
<arg>kalle</arg>
<arg>kalle123</arg>
<status status="PASS" starttime="20241112 17:27:03.253" endtime="20241112 17:27:03.258"/>
</kw>
<kw name="Go To Register Page" library="resource">
<kw name="Go To" library="SeleniumLibrary">
<arg>${REGISTER_URL}</arg>
<doc>Navigates the current browser window to the provided ``url``.</doc>
<msg timestamp="20241112 17:27:03.258" level="INFO">Opening url 'http://localhost:5001/register'</msg>
<status status="PASS" starttime="20241112 17:27:03.258" endtime="20241112 17:27:03.773"/>
</kw>
<status status="PASS" starttime="20241112 17:27:03.258" endtime="20241112 17:27:03.774"/>
</kw>
<status status="PASS" starttime="20241112 17:27:03.249" endtime="20241112 17:27:03.774"/>
</kw>
<kw name="Set Username">
<arg>pekka</arg>
<kw name="Input Text" library="SeleniumLibrary">
<arg>username</arg>
<arg>${username}</arg>
<doc>Types the given ``text`` into the text field identified by ``locator``.</doc>
<msg timestamp="20241112 17:27:03.774" level="INFO">Typing text 'pekka' into text field 'username'.</msg>
<status status="PASS" starttime="20241112 17:27:03.774" endtime="20241112 17:27:05.347"/>
</kw>
<status status="PASS" starttime="20241112 17:27:03.774" endtime="20241112 17:27:05.347"/>
</kw>
<kw name="Set Password">
<arg>pekka123</arg>
<kw name="Input Password" library="SeleniumLibrary">
<arg>password</arg>
<arg>${password}</arg>
<doc>Types the given password into the text field identified by ``locator``.</doc>
<msg timestamp="20241112 17:27:05.348" level="INFO">Typing password into text field 'password'.</msg>
<msg timestamp="20241112 17:27:06.381" level="INFO">Temporally setting log level to: NONE</msg>
<msg timestamp="20241112 17:27:06.921" level="INFO">Log level changed from NONE to INFO.</msg>
<status status="PASS" starttime="20241112 17:27:05.347" endtime="20241112 17:27:06.921"/>
</kw>
<status status="PASS" starttime="20241112 17:27:05.347" endtime="20241112 17:27:06.922"/>
</kw>
<kw name="Set Password Confirmation">
<arg>pekka123</arg>
<kw name="Input Password" library="SeleniumLibrary">
<arg>password_confirmation</arg>
<arg>${password_confirmation}</arg>
<doc>Types the given password into the text field identified by ``locator``.</doc>
<msg timestamp="20241112 17:27:06.923" level="INFO">Typing password into text field 'password_confirmation'.</msg>
<msg timestamp="20241112 17:27:07.956" level="INFO">Temporally setting log level to: NONE</msg>
<msg timestamp="20241112 17:27:08.495" level="INFO">Log level changed from NONE to INFO.</msg>
<status status="PASS" starttime="20241112 17:27:06.922" endtime="20241112 17:27:08.495"/>
</kw>
<status status="PASS" starttime="20241112 17:27:06.922" endtime="20241112 17:27:08.495"/>
</kw>
<kw name="Submit Credentials">
<kw name="Click Button" library="SeleniumLibrary">
<arg>Register</arg>
<doc>Clicks the button identified by ``locator``.</doc>
<msg timestamp="20241112 17:27:08.496" level="INFO">Clicking button 'Register'.</msg>
<status status="PASS" starttime="20241112 17:27:08.495" endtime="20241112 17:27:10.555"/>
</kw>
<status status="PASS" starttime="20241112 17:27:08.495" endtime="20241112 17:27:10.555"/>
</kw>
<kw name="Go To Login Page" library="resource">
<kw name="Go To" library="SeleniumLibrary">
<arg>${LOGIN_URL}</arg>
<doc>Navigates the current browser window to the provided ``url``.</doc>
<msg timestamp="20241112 17:27:10.556" level="INFO">Opening url 'http://localhost:5001/login'</msg>
<status status="PASS" starttime="20241112 17:27:10.555" endtime="20241112 17:27:11.074"/>
</kw>
<status status="PASS" starttime="20241112 17:27:10.555" endtime="20241112 17:27:11.074"/>
</kw>
<kw name="Login Page Should Be Open" library="resource">
<kw name="Title Should Be" library="SeleniumLibrary">
<arg>Login</arg>
<doc>Verifies that the current page title equals ``title``.</doc>
<msg timestamp="20241112 17:27:11.579" level="INFO">Page title is 'Login'.</msg>
<status status="PASS" starttime="20241112 17:27:11.075" endtime="20241112 17:27:11.579"/>
</kw>
<status status="PASS" starttime="20241112 17:27:11.075" endtime="20241112 17:27:11.579"/>
</kw>
<kw name="Set Username">
<arg>pekka</arg>
<kw name="Input Text" library="SeleniumLibrary">
<arg>username</arg>
<arg>${username}</arg>
<doc>Types the given ``text`` into the text field identified by ``locator``.</doc>
<msg timestamp="20241112 17:27:11.580" level="INFO">Typing text 'pekka' into text field 'username'.</msg>
<status status="PASS" starttime="20241112 17:27:11.579" endtime="20241112 17:27:13.151"/>
</kw>
<status status="PASS" starttime="20241112 17:27:11.579" endtime="20241112 17:27:13.152"/>
</kw>
<kw name="Set Password">
<arg>pekka123</arg>
<kw name="Input Password" library="SeleniumLibrary">
<arg>password</arg>
<arg>${password}</arg>
<doc>Types the given password into the text field identified by ``locator``.</doc>
<msg timestamp="20241112 17:27:13.152" level="INFO">Typing password into text field 'password'.</msg>
<msg timestamp="20241112 17:27:14.188" level="INFO">Temporally setting log level to: NONE</msg>
<msg timestamp="20241112 17:27:14.728" level="INFO">Log level changed from NONE to INFO.</msg>
<status status="PASS" starttime="20241112 17:27:13.152" endtime="20241112 17:27:14.728"/>
</kw>
<status status="PASS" starttime="20241112 17:27:13.152" endtime="20241112 17:27:14.728"/>
</kw>
<kw name="Click Button" library="SeleniumLibrary">
<arg>Login</arg>
<doc>Clicks the button identified by ``locator``.</doc>
<msg timestamp="20241112 17:27:14.729" level="INFO">Clicking button 'Login'.</msg>
<status status="PASS" starttime="20241112 17:27:14.728" endtime="20241112 17:27:16.808"/>
</kw>
<kw name="Login Should Succeed">
<kw name="Main Page Should Be Open" library="resource">
<kw name="Title Should Be" library="SeleniumLibrary">
<arg>Ohtu Application main page</arg>
<doc>Verifies that the current page title equals ``title``.</doc>
<msg timestamp="20241112 17:27:17.313" level="INFO">Page title is 'Ohtu Application main page'.</msg>
<status status="PASS" starttime="20241112 17:27:16.808" endtime="20241112 17:27:17.313"/>
</kw>
<status status="PASS" starttime="20241112 17:27:16.808" endtime="20241112 17:27:17.313"/>
</kw>
<status status="PASS" starttime="20241112 17:27:16.808" endtime="20241112 17:27:17.313"/>
</kw>
<status status="PASS" starttime="20241112 17:27:03.248" endtime="20241112 17:27:17.313"/>
</test>
<test id="s1-t8" name="Login After Failed Registration" line="63">
<kw name="Reset Application Create User And Go To Register Page" type="SETUP">
<kw name="Reset Application" library="AppLibrary">
<status status="PASS" starttime="20241112 17:27:17.314" endtime="20241112 17:27:17.317"/>
</kw>
<kw name="Create User" library="AppLibrary">
<arg>kalle</arg>
<arg>kalle123</arg>
<status status="PASS" starttime="20241112 17:27:17.317" endtime="20241112 17:27:17.321"/>
</kw>
<kw name="Go To Register Page" library="resource">
<kw name="Go To" library="SeleniumLibrary">
<arg>${REGISTER_URL}</arg>
<doc>Navigates the current browser window to the provided ``url``.</doc>
<msg timestamp="20241112 17:27:17.322" level="INFO">Opening url 'http://localhost:5001/register'</msg>
<status status="PASS" starttime="20241112 17:27:17.322" endtime="20241112 17:27:17.843"/>
</kw>
<status status="PASS" starttime="20241112 17:27:17.322" endtime="20241112 17:27:17.843"/>
</kw>
<status status="PASS" starttime="20241112 17:27:17.314" endtime="20241112 17:27:17.843"/>
</kw>
<kw name="Set Username">
<arg>a</arg>
<kw name="Input Text" library="SeleniumLibrary">
<arg>username</arg>
<arg>${username}</arg>
<doc>Types the given ``text`` into the text field identified by ``locator``.</doc>
<msg timestamp="20241112 17:27:17.844" level="INFO">Typing text 'a' into text field 'username'.</msg>
<status status="PASS" starttime="20241112 17:27:17.843" endtime="20241112 17:27:19.407"/>
</kw>
<status status="PASS" starttime="20241112 17:27:17.843" endtime="20241112 17:27:19.408"/>
</kw>
<kw name="Set Password">
<arg>aaaa1111</arg>
<kw name="Input Password" library="SeleniumLibrary">
<arg>password</arg>
<arg>${password}</arg>
<doc>Types the given password into the text field identified by ``locator``.</doc>
<msg timestamp="20241112 17:27:19.408" level="INFO">Typing password into text field 'password'.</msg>
<msg timestamp="20241112 17:27:20.442" level="INFO">Temporally setting log level to: NONE</msg>
<msg timestamp="20241112 17:27:20.984" level="INFO">Log level changed from NONE to INFO.</msg>
<status status="PASS" starttime="20241112 17:27:19.408" endtime="20241112 17:27:20.984"/>
</kw>
<status status="PASS" starttime="20241112 17:27:19.408" endtime="20241112 17:27:20.984"/>
</kw>
<kw name="Set Password Confirmation">
<arg>aaaa1111</arg>
<kw name="Input Password" library="SeleniumLibrary">
<arg>password_confirmation</arg>
<arg>${password_confirmation}</arg>
<doc>Types the given password into the text field identified by ``locator``.</doc>
<msg timestamp="20241112 17:27:20.985" level="INFO">Typing password into text field 'password_confirmation'.</msg>
<msg timestamp="20241112 17:27:22.020" level="INFO">Temporally setting log level to: NONE</msg>
<msg timestamp="20241112 17:27:22.562" level="INFO">Log level changed from NONE to INFO.</msg>
<status status="PASS" starttime="20241112 17:27:20.985" endtime="20241112 17:27:22.562"/>
</kw>
<status status="PASS" starttime="20241112 17:27:20.985" endtime="20241112 17:27:22.562"/>
</kw>
<kw name="Submit Credentials">
<kw name="Click Button" library="SeleniumLibrary">
<arg>Register</arg>
<doc>Clicks the button identified by ``locator``.</doc>
<msg timestamp="20241112 17:27:22.563" level="INFO">Clicking button 'Register'.</msg>
<status status="PASS" starttime="20241112 17:27:22.563" endtime="20241112 17:27:24.619"/>
</kw>
<status status="PASS" starttime="20241112 17:27:22.562" endtime="20241112 17:27:24.619"/>
</kw>
<kw name="Go To Login Page" library="resource">
<kw name="Go To" library="SeleniumLibrary">
<arg>${LOGIN_URL}</arg>
<doc>Navigates the current browser window to the provided ``url``.</doc>
<msg timestamp="20241112 17:27:24.620" level="INFO">Opening url 'http://localhost:5001/login'</msg>
<status status="PASS" starttime="20241112 17:27:24.619" endtime="20241112 17:27:25.150"/>
</kw>
<status status="PASS" starttime="20241112 17:27:24.619" endtime="20241112 17:27:25.151"/>
</kw>
<kw name="Login Page Should Be Open" library="resource">
<kw name="Title Should Be" library="SeleniumLibrary">
<arg>Login</arg>
<doc>Verifies that the current page title equals ``title``.</doc>
<msg timestamp="20241112 17:27:25.656" level="INFO">Page title is 'Login'.</msg>
<status status="PASS" starttime="20241112 17:27:25.151" endtime="20241112 17:27:25.656"/>
</kw>
<status status="PASS" starttime="20241112 17:27:25.151" endtime="20241112 17:27:25.656"/>
</kw>
<kw name="Set Username">
<arg>a</arg>
<kw name="Input Text" library="SeleniumLibrary">
<arg>username</arg>
<arg>${username}</arg>
<doc>Types the given ``text`` into the text field identified by ``locator``.</doc>
<msg timestamp="20241112 17:27:25.657" level="INFO">Typing text 'a' into text field 'username'.</msg>
<status status="PASS" starttime="20241112 17:27:25.656" endtime="20241112 17:27:27.234"/>
</kw>
<status status="PASS" starttime="20241112 17:27:25.656" endtime="20241112 17:27:27.234"/>
</kw>
<kw name="Set Password">
<arg>aaaa1111</arg>
<kw name="Input Password" library="SeleniumLibrary">
<arg>password</arg>
<arg>${password}</arg>
<doc>Types the given password into the text field identified by ``locator``.</doc>
<msg timestamp="20241112 17:27:27.235" level="INFO">Typing password into text field 'password'.</msg>
<msg timestamp="20241112 17:27:28.268" level="INFO">Temporally setting log level to: NONE</msg>
<msg timestamp="20241112 17:27:28.804" level="INFO">Log level changed from NONE to INFO.</msg>
<status status="PASS" starttime="20241112 17:27:27.234" endtime="20241112 17:27:28.804"/>
</kw>
<status status="PASS" starttime="20241112 17:27:27.234" endtime="20241112 17:27:28.804"/>
</kw>
<kw name="Click Button" library="SeleniumLibrary">
<arg>Login</arg>
<doc>Clicks the button identified by ``locator``.</doc>
<msg timestamp="20241112 17:27:28.804" level="INFO">Clicking button 'Login'.</msg>
<status status="PASS" starttime="20241112 17:27:28.804" endtime="20241112 17:27:30.866"/>
</kw>
<kw name="Login Should Fail With Message">
<arg>Invalid username or password</arg>
<kw name="Login Page Should Be Open" library="resource">
<kw name="Title Should Be" library="SeleniumLibrary">
<arg>Login</arg>
<doc>Verifies that the current page title equals ``title``.</doc>
<msg timestamp="20241112 17:27:31.371" level="INFO">Page title is 'Login'.</msg>
<status status="PASS" starttime="20241112 17:27:30.866" endtime="20241112 17:27:31.371"/>
</kw>
<status status="PASS" starttime="20241112 17:27:30.866" endtime="20241112 17:27:31.371"/>
</kw>
<kw name="Page Should Contain" library="SeleniumLibrary">
<arg>${message}</arg>
<doc>Verifies that current page contains ``text``.</doc>
<msg timestamp="20241112 17:27:32.387" level="INFO">Current page contains text 'Invalid username or password'.</msg>
<status status="PASS" starttime="20241112 17:27:31.371" endtime="20241112 17:27:32.387"/>
</kw>
<status status="PASS" starttime="20241112 17:27:30.866" endtime="20241112 17:27:32.387"/>
</kw>
<status status="PASS" starttime="20241112 17:27:17.313" endtime="20241112 17:27:32.387"/>
</test>
<kw name="Close Browser" library="SeleniumLibrary" type="TEARDOWN">
<doc>Closes the current browser.</doc>
<status status="PASS" starttime="20241112 17:27:32.388" endtime="20241112 17:27:32.989"/>
</kw>
<status status="PASS" starttime="20241112 17:26:10.418" endtime="20241112 17:27:32.989"/>
</suite>
<statistics>
<total>
<stat pass="8" fail="0" skip="0">All Tests</stat>
</total>
<tag>
</tag>
<suite>
<stat pass="8" fail="0" skip="0" id="s1" name="Register">Register</stat>
</suite>
</statistics>
<errors>
</errors>
</robot>
